<?xml version="1.0" encoding="UTF-8"?>
<testng-results skipped="0" failed="1" total="1" passed="0">
  <reporter-output>
  </reporter-output>
  <suite name="Default suite" duration-ms="142989" started-at="2021-08-01T16:18:37Z" finished-at="2021-08-01T16:21:00Z">
    <groups>
    </groups>
    <test name="Default test" duration-ms="142989" started-at="2021-08-01T16:18:37Z" finished-at="2021-08-01T16:21:00Z">
      <class name="com.Lincoln.TestCases.TC_HomePage_001">
        <test-method status="PASS" signature="Setup()[pri:0, instance:com.Lincoln.TestCases.TC_HomePage_001@7e0babb1]" name="Setup" is-config="true" duration-ms="5390" started-at="2021-08-01T21:48:37Z" finished-at="2021-08-01T21:48:43Z">
          <reporter-output>
          </reporter-output>
        </test-method> <!-- Setup -->
        <test-method status="FAIL" signature="HomePage()[pri:0, instance:com.Lincoln.TestCases.TC_HomePage_001@7e0babb1]" name="HomePage" duration-ms="135307" started-at="2021-08-01T21:48:43Z" finished-at="2021-08-01T21:50:58Z">
          <exception class="java.lang.NullPointerException">
            <full-stacktrace>
              <![CDATA[java.lang.NullPointerException
	at org.openqa.selenium.support.pagefactory.DefaultElementLocator.findElement(DefaultElementLocator.java:69)
	at org.openqa.selenium.support.pagefactory.internal.LocatingElementHandler.invoke(LocatingElementHandler.java:38)
	at com.sun.proxy.$Proxy8.click(Unknown Source)
	at com.Lincoln.PageObjects.HomePage.Click_BNP_Footer(HomePage.java:19)
	at com.Lincoln.TestCases.TC_HomePage_001.HomePage(TC_HomePage_001.java:15)
	at sun.reflect.NativeMethodAccessorImpl.invoke0(Native Method)
	at sun.reflect.NativeMethodAccessorImpl.invoke(NativeMethodAccessorImpl.java:62)
	at sun.reflect.DelegatingMethodAccessorImpl.invoke(DelegatingMethodAccessorImpl.java:43)
	at java.lang.reflect.Method.invoke(Method.java:498)
	at org.testng.internal.MethodInvocationHelper.invokeMethod(MethodInvocationHelper.java:85)
	at org.testng.internal.Invoker.invokeMethod(Invoker.java:663)
	at org.testng.internal.Invoker.invokeTestMethod(Invoker.java:849)
	at org.testng.internal.Invoker.invokeTestMethods(Invoker.java:1157)
	at org.testng.internal.TestMethodWorker.invokeTestMethods(TestMethodWorker.java:124)
	at org.testng.internal.TestMethodWorker.run(TestMethodWorker.java:108)
	at org.testng.TestRunner.privateRun(TestRunner.java:771)
	at org.testng.TestRunner.run(TestRunner.java:621)
	at org.testng.SuiteRunner.runTest(SuiteRunner.java:357)
	at org.testng.SuiteRunner.runSequentially(SuiteRunner.java:352)
	at org.testng.SuiteRunner.privateRun(SuiteRunner.java:310)
	at org.testng.SuiteRunner.run(SuiteRunner.java:259)
	at org.testng.SuiteRunnerWorker.runSuite(SuiteRunnerWorker.java:52)
	at org.testng.SuiteRunnerWorker.run(SuiteRunnerWorker.java:86)
	at org.testng.TestNG.runSuitesSequentially(TestNG.java:1200)
	at org.testng.TestNG.runSuitesLocally(TestNG.java:1125)
	at org.testng.TestNG.run(TestNG.java:1033)
	at org.testng.remote.RemoteTestNG.run(RemoteTestNG.java:111)
	at org.testng.remote.RemoteTestNG.initAndRun(RemoteTestNG.java:204)
	at org.testng.remote.RemoteTestNG.main(RemoteTestNG.java:175)
]]>
            </full-stacktrace>
          </exception> <!-- java.lang.NullPointerException -->
          <reporter-output>
          </reporter-output>
        </test-method> <!-- HomePage -->
        <test-method status="PASS" signature="TearDown()[pri:0, instance:com.Lincoln.TestCases.TC_HomePage_001@7e0babb1]" name="TearDown" is-config="true" duration-ms="2267" started-at="2021-08-01T21:50:58Z" finished-at="2021-08-01T21:51:00Z">
          <reporter-output>
          </reporter-output>
        </test-method> <!-- TearDown -->
      </class> <!-- com.Lincoln.TestCases.TC_HomePage_001 -->
    </test> <!-- Default test -->
  </suite> <!-- Default suite -->
</testng-results>
